<?xml version="1.0" encoding="UTF-8"?>
<!-- Generated by org.testng.reporters.JUnitXMLReporter -->
<testsuite ignored="2" hostname="LWO1-LDL-A11632" failures="0" tests="1" name="Surefire test" time="4.891" errors="0" timestamp="2023-04-19T16:58:13 EEST">
  <testcase classname="tests.TC01_Test" name="openUrl" time="4.078"/>
  <testcase classname="tests.BaseTest" name="@AfterTest tearDown" time="0.0">
    <ignored/>
  </testcase> <!-- @AfterTest tearDown -->
  <testcase classname="tests.BaseTest" name="@BeforeTest init" time="0.0">
    <ignored/>
  </testcase> <!-- @BeforeTest init -->
</testsuite> <!-- Surefire test -->
