<?xml version="1.0" encoding="UTF-8"?>
<testng-results ignored="0" total="1" passed="1" failed="0" skipped="0">
  <reporter-output>
  </reporter-output>
  <suite started-at="2023-05-30T19:14:56 EEST" name="Smoke Tests" finished-at="2023-05-30T19:15:13 EEST" duration-ms="17345">
    <groups>
    </groups>
    <test started-at="2023-05-30T19:14:56 EEST" name="IDP Project Tests" finished-at="2023-05-30T19:15:13 EEST" duration-ms="17345">
      <class name="tests.Authentication.VerifyIncorrectEmailSignIn">
        <test-method is-config="true" signature="init()[pri:0, instance:tests.Authentication.VerifyIncorrectEmailSignIn@3727f0ee]" started-at="2023-05-30T19:14:56 EEST" name="init" finished-at="2023-05-30T19:15:09 EEST" duration-ms="13063" status="PASS">
          <reporter-output>
          </reporter-output>
        </test-method> <!-- init -->
        <test-method signature="verifyIncorrectEmailSignIn()[pri:0, instance:tests.Authentication.VerifyIncorrectEmailSignIn@3727f0ee]" started-at="2023-05-30T19:15:09 EEST" name="verifyIncorrectEmailSignIn" finished-at="2023-05-30T19:15:12 EEST" duration-ms="3207" status="PASS">
          <reporter-output>
          </reporter-output>
        </test-method> <!-- verifyIncorrectEmailSignIn -->
        <test-method is-config="true" signature="tearDown()[pri:0, instance:tests.Authentication.VerifyIncorrectEmailSignIn@3727f0ee]" started-at="2023-05-30T19:15:12 EEST" name="tearDown" finished-at="2023-05-30T19:15:13 EEST" duration-ms="669" status="PASS">
          <reporter-output>
          </reporter-output>
        </test-method> <!-- tearDown -->
      </class> <!-- tests.Authentication.VerifyIncorrectEmailSignIn -->
    </test> <!-- IDP Project Tests -->
  </suite> <!-- Smoke Tests -->
</testng-results>
