<?xml version="1.0" encoding="UTF-8"?>
<testsuite xmlns:xsi="http://www.w3.org/2001/XMLSchema-instance" xsi:noNamespaceSchemaLocation="https://maven.apache.org/surefire/maven-surefire-plugin/xsd/surefire-test-report-3.0.xsd" version="3.0" name="TestSuite" time="40.287" tests="7" errors="0" skipped="2" failures="0">
  <properties>
[...]
</properties>
  <testcase name="verifyEmptyPasswordSignIn" classname="tests.Authentication.VerifyEmptyPasswordSignIn" time="0">
    <skipped message="Element not found {#nav-link-accountList}&#10;Expected: visible&#10;Screenshot: file:/C:/Users/andrii.teterka/IdeaProjects/IDPProjectUI/build/reports/tests/1685455213777.0.png&#10;Page source: file:/C:/Users/andrii.teterka/IdeaProjects/IDPProjectUI/build/reports/tests/1685455213777.0.html&#10;Timeout: 6 s.&#10;Caused by: NoSuchElementException: no such element: Unable to locate element: {&quot;method&quot;:&quot;css selector&quot;,&quot;selector&quot;:&quot;#nav-link-accountList&quot;}"/>
    <system-out><![CDATA[16:59:51.89 [ WARN ] Ignoring duplicate listener : io.qameta.allure.testng.AllureTestNg
16:59:51.90 [ WARN ] Ignoring duplicate listener : io.qameta.allure.testng.AllureTestNg
16:59:51.90 [ WARN ] Ignoring duplicate listener : io.qameta.allure.testng.AllureTestNg
16:59:53.55 [ INFO ] Using chromedriver 113.0.5672.63 (resolved driver for Chrome 113)
16:59:53.55 [ INFO ] Using chromedriver 113.0.5672.63 (resolved driver for Chrome 113)
16:59:53.55 [ INFO ] Using chromedriver 113.0.5672.63 (resolved driver for Chrome 113)
16:59:53.55 [ INFO ] Using chromedriver 113.0.5672.63 (resolved driver for Chrome 113)
16:59:53.55 [ INFO ] Using chromedriver 113.0.5672.63 (resolved driver for Chrome 113)
16:59:53.64 [ INFO ] Exporting webdriver.chrome.driver as C:\Users\andrii.teterka\.cache\selenium\chromedriver\win32\113.0.5672.63\chromedriver.exe
16:59:53.64 [ INFO ] Exporting webdriver.chrome.driver as C:\Users\andrii.teterka\.cache\selenium\chromedriver\win32\113.0.5672.63\chromedriver.exe
16:59:53.64 [ INFO ] Exporting webdriver.chrome.driver as C:\Users\andrii.teterka\.cache\selenium\chromedriver\win32\113.0.5672.63\chromedriver.exe
16:59:53.64 [ INFO ] Exporting webdriver.chrome.driver as C:\Users\andrii.teterka\.cache\selenium\chromedriver\win32\113.0.5672.63\chromedriver.exe
16:59:53.64 [ INFO ] Exporting webdriver.chrome.driver as C:\Users\andrii.teterka\.cache\selenium\chromedriver\win32\113.0.5672.63\chromedriver.exe
16:59:54.37 [ INFO ] No webdriver is bound to current thread: 41 - let's create a new webdriver
16:59:54.37 [ INFO ] No webdriver is bound to current thread: 40 - let's create a new webdriver
16:59:54.37 [ INFO ] No webdriver is bound to current thread: 39 - let's create a new webdriver
16:59:54.37 [ INFO ] No webdriver is bound to current thread: 42 - let's create a new webdriver
16:59:54.37 [ INFO ] No webdriver is bound to current thread: 43 - let's create a new webdriver
16:59:54.40 [ INFO ] Creating folder: C:\Users\andrii.teterka\IdeaProjects\IDPProjectUI\build\downloads\1685455194399_38212_43
16:59:54.40 [ INFO ] Creating folder: C:\Users\andrii.teterka\IdeaProjects\IDPProjectUI\build\downloads\1685455194399_38212_39
16:59:54.40 [ INFO ] Creating folder: C:\Users\andrii.teterka\IdeaProjects\IDPProjectUI\build\downloads\1685455194399_38212_40
16:59:54.40 [ INFO ] Creating folder: C:\Users\andrii.teterka\IdeaProjects\IDPProjectUI\build\downloads\1685455194399_38212_42
16:59:54.40 [ INFO ] Creating folder: C:\Users\andrii.teterka\IdeaProjects\IDPProjectUI\build\downloads\1685455194399_38212_41
16:59:54.69 [ INFO ] Changed readTimeout from PT3M to PT1M30S
16:59:54.69 [ INFO ] Changed readTimeout from PT3M to PT1M30S
16:59:54.69 [ INFO ] Changed readTimeout from PT3M to PT1M30S
16:59:54.69 [ INFO ] Changed readTimeout from PT3M to PT1M30S
16:59:54.69 [ INFO ] Changed readTimeout from PT3M to PT1M30S
17:00:05.03 [ INFO ] Changed readTimeout from PT3M to PT1M30S
17:00:05.03 [ INFO ] Changed readTimeout from PT3M to PT1M30S
17:00:05.03 [ INFO ] Changed readTimeout from PT3M to PT1M30S
17:00:05.03 [ INFO ] Changed readTimeout from PT3M to PT1M30S
17:00:05.07 [ INFO ] Changed readTimeout from PT3M to PT1M30S
17:00:05.07 [ INFO ] Changed readTimeout from PT3M to PT1M30S
17:00:05.07 [ INFO ] Changed readTimeout from PT3M to PT1M30S
17:00:05.07 [ INFO ] Changed readTimeout from PT3M to PT1M30S
17:00:05.09 [ INFO ] Changed readTimeout from PT3M to PT1M30S
17:00:05.12 [ INFO ] Changed readTimeout from PT3M to PT1M30S
17:00:05.28 [ INFO ] BrowserName=chrome Version=113.0.5672.127 Platform=WINDOWS
17:00:05.28 [ INFO ] Selenide v. 6.13.0
17:00:05.28 [ INFO ] Selenium WebDriver v. 4.8.3 build revision: e5e76298c3
17:00:05.28 [ INFO ] Created webdriver in thread 41: ChromeDriver -> ChromeDriver: chrome on WINDOWS (027f51b886f5fd64e4b7a7fb3785405f)
17:00:05.28 [ INFO ] BrowserName=chrome Version=113.0.5672.127 Platform=WINDOWS
17:00:05.28 [ INFO ] Selenide v. 6.13.0
17:00:05.28 [ INFO ] Selenium WebDriver v. 4.8.3 build revision: e5e76298c3
17:00:05.28 [ INFO ] Created webdriver in thread 40: ChromeDriver -> ChromeDriver: chrome on WINDOWS (3d4eaa8be2979b94ff3f3151faf361d9)
17:00:05.28 [ INFO ] BrowserName=chrome Version=113.0.5672.127 Platform=WINDOWS
17:00:05.28 [ INFO ] Selenide v. 6.13.0
17:00:05.28 [ INFO ] BrowserName=chrome Version=113.0.5672.127 Platform=WINDOWS
17:00:05.28 [ INFO ] Selenium WebDriver v. 4.8.3 build revision: e5e76298c3
17:00:05.28 [ INFO ] Selenide v. 6.13.0
17:00:05.28 [ INFO ] Selenium WebDriver v. 4.8.3 build revision: e5e76298c3
17:00:05.28 [ INFO ] Created webdriver in thread 42: ChromeDriver -> ChromeDriver: chrome on WINDOWS (72903957d8b2755076f72c3aada4abbc)
17:00:05.28 [ INFO ] Created webdriver in thread 43: ChromeDriver -> ChromeDriver: chrome on WINDOWS (1c0d312789718b6619ded9d2c8043b36)
17:00:05.28 [ INFO ] BrowserName=chrome Version=113.0.5672.127 Platform=WINDOWS
17:00:05.28 [ INFO ] Selenide v. 6.13.0
17:00:05.28 [ INFO ] Selenium WebDriver v. 4.8.3 build revision: e5e76298c3
17:00:05.28 [ INFO ] Created webdriver in thread 39: ChromeDriver -> ChromeDriver: chrome on WINDOWS (757a716b7e3236fa8df10d478b631965)
17:00:05.29 [ INFO ] Register WebDriverInstance[config=StaticConfig,webDriver=ChromeDriver: chrome on WINDOWS (027f51b886f5fd64e4b7a7fb3785405f),proxy=null,downloadsFolder=C:\Users\andrii.teterka\IdeaProjects\IDPProjectUI\build\downloads\1685455194399_38212_41] in 41 [size=1]
17:00:05.29 [ INFO ] Add shutdown hook in 41 [size=1]
17:00:05.29 [ INFO ] Register WebDriverInstance[config=StaticConfig,webDriver=ChromeDriver: chrome on WINDOWS (3d4eaa8be2979b94ff3f3151faf361d9),proxy=null,downloadsFolder=C:\Users\andrii.teterka\IdeaProjects\IDPProjectUI\build\downloads\1685455194399_38212_40] in 40 [size=2]
17:00:05.29 [ INFO ] Register WebDriverInstance[config=StaticConfig,webDriver=ChromeDriver: chrome on WINDOWS (1c0d312789718b6619ded9d2c8043b36),proxy=null,downloadsFolder=C:\Users\andrii.teterka\IdeaProjects\IDPProjectUI\build\downloads\1685455194399_38212_43] in 43 [size=3]
17:00:05.29 [ INFO ] Register WebDriverInstance[config=StaticConfig,webDriver=ChromeDriver: chrome on WINDOWS (757a716b7e3236fa8df10d478b631965),proxy=null,downloadsFolder=C:\Users\andrii.teterka\IdeaProjects\IDPProjectUI\build\downloads\1685455194399_38212_39] in 39 [size=4]
17:00:05.29 [ INFO ] Register WebDriverInstance[config=StaticConfig,webDriver=ChromeDriver: chrome on WINDOWS (72903957d8b2755076f72c3aada4abbc),proxy=null,downloadsFolder=C:\Users\andrii.teterka\IdeaProjects\IDPProjectUI\build\downloads\1685455194399_38212_42] in 42 [size=5]
17:00:07.62 [ INFO ] Click on Account List link
17:00:08.26 [ INFO ] Click on Account List link
17:00:09.27 [ INFO ] Click on Account List link
17:00:11.11 [ INFO ] Click on Account List link
17:00:11.73 [ INFO ] Enter user email
17:00:11.84 [ INFO ] Click on Account List link
17:00:12.98 [ INFO ] Click on Continue button
17:00:13.87 [ INFO ] Click on Continue button
17:00:14.41 [ INFO ] Enter user password
17:00:14.81 [ INFO ] Enter user email
17:00:14.94 [ INFO ] Click on Sign In button
17:00:14.99 [ INFO ] Verify missing email alert text
]]></system-out>
    <system-err><![CDATA[Starting ChromeDriver 113.0.5672.63 (0e1a4471d5ae5bf128b1bd8f4d627c8cbd55f70c-refs/branch-heads/5672@{#912}) on port 17408
Only local connections are allowed.
Please see https://chromedriver.chromium.org/security-considerations for suggestions on keeping ChromeDriver safe.
Starting ChromeDriver 113.0.5672.63 (0e1a4471d5ae5bf128b1bd8f4d627c8cbd55f70c-refs/branch-heads/5672@{#912}) on port 2971
Only local connections are allowed.
Please see https://chromedriveChr.chromirumo.meoDrrgi/vseerc uwraist ys-tcoanrstiedde rsautciocness sffourl lsyu.gge
stions on keeping ChromeDriver safe.
ChromeDriver was started successfully.
Starting ChromeDriver 113.0.5672.63 (0e1a4471d5ae5bf128b1bd8f4d627c8cbd55f70c-refs/branch-heads/5672@{#912}) on port 41115
Only local connections are allowed.
Please see https://chromedriver.chromium.org/security-considerations for suggestions on keeping ChromeDriver safe.
Starting ChromeDriver 113.0.5672.63 (0e1a4471d5ae5bf128b1bd8f4d627c8cbd55f70c-refs/branch-heads/5672@{#912}) on port 11306
Only local connections are allowed.
Please see https://chromedriver.chromium.org/security-considerations for suggestions on keeping ChromeDriver safe.
ChromeDriver was started successfully.
ChromeDriver was started successfully.
Starting ChromeDriver 113.0.5672.63 (0e1a4471d5ae5bf128b1bd8f4d627c8cbd55f70c-refs/branch-heads/5672@{#912}) on port 18360
Only local connections are allowed.
Please see https://chromedriver.chromium.org/security-considerations for suggestions on keeping ChromeDriver safe.
ChromeDriver was started successfully.
May 30, 2023 5:00:05 PM org.openqa.selenium.devtools.CdpVersionFinder findNearestMatch
WARNING: Unable to find an exact match for CDP version 113, so returning the closest version found: 111
May 30, 2023 5:00:05 PM org.openqa.selenium.devtools.CdpVersionFinder findNearestMatch
WARNING: Unable to find an exact match for CDP version 113, so returning the closest version found: 111
May 30, 2023 5:00:05 PM org.openqa.selenium.devtools.CdpVersionFinder findNearestMatch
WARNING: Unable to find an exact match for CDP version 113, so returning the closest version found: 111
May 30, 2023 5:00:05 PM org.openqa.selenium.devtools.CdpVersionFinder findNearestMatch
WARNING: Unable to find an exact match for CDP version 113, so returning the closest version found: 111
May 30, 2023 5:00:05 PM org.openqa.selenium.devtools.CdpVersionFinder findNearestMatch
WARNING: Unable to find an exact match for CDP version 113, so returning the closest version found: 111
]]></system-err>
  </testcase>
  <testcase name="verifyEmptyPasswordSignIn" classname="tests.Authentication.VerifyEmptyPasswordSignIn" time="3.716">
    <system-out><![CDATA[17:00:20.26 [ INFO ] Deleted empty folder: C:\Users\andrii.teterka\IdeaProjects\IDPProjectUI\build\downloads\1685455194399_38212_42
17:00:20.26 [ INFO ] Close webdriver: 42 -> ChromeDriver: chrome on WINDOWS (72903957d8b2755076f72c3aada4abbc)...
17:00:20.92 [ INFO ] Changed readTimeout from PT3M to PT1M30S
17:00:20.92 [ INFO ] Changed readTimeout from PT3M to PT1M30S
17:00:20.94 [ INFO ] BrowserName=chrome Version=113.0.5672.127 Platform=WINDOWS
17:00:20.94 [ INFO ] Selenide v. 6.13.0
17:00:20.94 [ INFO ] Selenium WebDriver v. 4.8.3 build revision: e5e76298c3
17:00:20.94 [ INFO ] Created webdriver in thread 40: ChromeDriver -> ChromeDriver: chrome on WINDOWS (155d44b8e5ff1b3344358ba8097d8ab8)
17:00:20.94 [ INFO ] Register WebDriverInstance[config=StaticConfig,webDriver=ChromeDriver: chrome on WINDOWS (155d44b8e5ff1b3344358ba8097d8ab8),proxy=null,downloadsFolder=C:\Users\andrii.teterka\IdeaProjects\IDPProjectUI\build\downloads\1685455217150_38212_40] in 40 [size=2]
17:00:21.34 [ INFO ] Changed readTimeout from PT3M to PT1M30S
17:00:21.35 [ INFO ] Changed readTimeout from PT3M to PT1M30S
17:00:21.37 [ INFO ] BrowserName=chrome Version=113.0.5672.127 Platform=WINDOWS
17:00:21.37 [ INFO ] Selenide v. 6.13.0
17:00:21.37 [ INFO ] Selenium WebDriver v. 4.8.3 build revision: e5e76298c3
17:00:21.37 [ INFO ] Created webdriver in thread 43: ChromeDriver -> ChromeDriver: chrome on WINDOWS (c66e924b16ab79cfb339bcdddac7de07)
17:00:21.37 [ INFO ] Register WebDriverInstance[config=StaticConfig,webDriver=ChromeDriver: chrome on WINDOWS (c66e924b16ab79cfb339bcdddac7de07),proxy=null,downloadsFolder=C:\Users\andrii.teterka\IdeaProjects\IDPProjectUI\build\downloads\1685455217164_38212_43] in 43 [size=3]
17:00:22.91 [ INFO ] Click on Account List link
17:00:22.98 [ INFO ] Click on Account List link
17:00:24.49 [ INFO ] Closed webdriver 42 in 4232 ms
17:00:24.49 [ INFO ] Unregister WebDriverInstance[config=StaticConfig,webDriver=ChromeDriver: chrome on WINDOWS (null),proxy=null,downloadsFolder=C:\Users\andrii.teterka\IdeaProjects\IDPProjectUI\build\downloads\1685455194399_38212_42] in 42 [size=2]
17:00:24.72 [ INFO ] Enter user email
17:00:24.86 [ INFO ] Enter user email
17:00:25.46 [ INFO ] Click on Continue button
17:00:25.55 [ INFO ] Click on Continue button
17:00:26.43 [ INFO ] Click on Sign In button
17:00:26.62 [ INFO ] Verify missing password alert text
]]></system-out>
    <system-err><![CDATA[May 30, 2023 5:00:20 PM org.openqa.selenium.devtools.CdpVersionFinder findNearestMatch
WARNING: Unable to find an exact match for CDP version 113, so returning the closest version found: 111
May 30, 2023 5:00:21 PM org.openqa.selenium.devtools.CdpVersionFinder findNearestMatch
WARNING: Unable to find an exact match for CDP version 113, so returning the closest version found: 111
]]></system-err>
  </testcase>
  <testcase name="verifyEmptyEmailSignIn" classname="tests.Authentication.VerifyEmptyEmailSignIn" time="3.249"/>
  <testcase name="verifySuccessfulSignIn" classname="tests.Authentication.VerifySuccessfulSignIn" time="0">
    <skipped message="Element not found {#nav-link-accountList}&#10;Expected: visible&#10;Screenshot: file:/C:/Users/andrii.teterka/IdeaProjects/IDPProjectUI/build/reports/tests/1685455215421.1.png&#10;Page source: file:/C:/Users/andrii.teterka/IdeaProjects/IDPProjectUI/build/reports/tests/1685455215421.1.html&#10;Timeout: 6 s.&#10;Caused by: NoSuchElementException: no such element: Unable to locate element: {&quot;method&quot;:&quot;css selector&quot;,&quot;selector&quot;:&quot;#nav-link-accountList&quot;}"/>
    <system-out><![CDATA[17:00:15.08 [ INFO ] Deleted empty folder: C:\Users\andrii.teterka\IdeaProjects\IDPProjectUI\build\downloads\1685455194399_38212_39
17:00:15.08 [ INFO ] Close webdriver: 39 -> ChromeDriver: chrome on WINDOWS (757a716b7e3236fa8df10d478b631965)...
17:00:15.08 [ INFO ] Deleted empty folder: C:\Users\andrii.teterka\IdeaProjects\IDPProjectUI\build\downloads\1685455194399_38212_40
17:00:15.08 [ INFO ] Close webdriver: 40 -> ChromeDriver: chrome on WINDOWS (3d4eaa8be2979b94ff3f3151faf361d9)...
17:00:15.46 [ INFO ] Hover mouse on Sign In link
17:00:15.72 [ INFO ] Click on Continue button
]]></system-out>
  </testcase>
  <testcase name="verifySuccessfulSignIn" classname="tests.Authentication.VerifySuccessfulSignIn" time="6.288">
    <system-out><![CDATA[17:00:26.69 [ INFO ] Deleted empty folder: C:\Users\andrii.teterka\IdeaProjects\IDPProjectUI\build\downloads\1685455217150_38212_40
17:00:26.70 [ INFO ] Close webdriver: 40 -> ChromeDriver: chrome on WINDOWS (155d44b8e5ff1b3344358ba8097d8ab8)...
17:00:26.82 [ INFO ] Enter user password
17:00:27.13 [ INFO ] Click on Sign In button
17:00:27.45 [ INFO ] Verify user is signed in
17:00:27.53 [ INFO ] Closed webdriver 40 in 830 ms
17:00:27.53 [ INFO ] Unregister WebDriverInstance[config=StaticConfig,webDriver=ChromeDriver: chrome on WINDOWS (null),proxy=null,downloadsFolder=C:\Users\andrii.teterka\IdeaProjects\IDPProjectUI\build\downloads\1685455217150_38212_40] in 40 [size=1]
]]></system-out>
  </testcase>
  <testcase name="verifyIncorrectEmailSignIn" classname="tests.Authentication.VerifyIncorrectEmailSignIn" time="5.318">
    <system-out><![CDATA[17:00:16.02 [ INFO ] Deleted empty folder: C:\Users\andrii.teterka\IdeaProjects\IDPProjectUI\build\downloads\1685455194399_38212_43
17:00:16.02 [ INFO ] Close webdriver: 43 -> ChromeDriver: chrome on WINDOWS (1c0d312789718b6619ded9d2c8043b36)...
17:00:16.31 [ INFO ] Closed webdriver 39 in 1227 ms
17:00:16.31 [ INFO ] Unregister WebDriverInstance[config=StaticConfig,webDriver=ChromeDriver: chrome on WINDOWS (null),proxy=null,downloadsFolder=C:\Users\andrii.teterka\IdeaProjects\IDPProjectUI\build\downloads\1685455194399_38212_39] in 39 [size=4]
17:00:17.03 [ INFO ] Verify error text
17:00:17.08 [ INFO ] Closed webdriver 40 in 1997 ms
17:00:17.08 [ INFO ] Unregister WebDriverInstance[config=StaticConfig,webDriver=ChromeDriver: chrome on WINDOWS (null),proxy=null,downloadsFolder=C:\Users\andrii.teterka\IdeaProjects\IDPProjectUI\build\downloads\1685455194399_38212_40] in 40 [size=3]
17:00:17.11 [ INFO ] Using chromedriver 113.0.5672.63 (resolved driver for Chrome 113)
17:00:17.11 [ INFO ] Closed webdriver 43 in 1089 ms
17:00:17.11 [ INFO ] Unregister WebDriverInstance[config=StaticConfig,webDriver=ChromeDriver: chrome on WINDOWS (null),proxy=null,downloadsFolder=C:\Users\andrii.teterka\IdeaProjects\IDPProjectUI\build\downloads\1685455194399_38212_43] in 43 [size=2]
17:00:17.13 [ INFO ] Using chromedriver 113.0.5672.63 (resolved driver for Chrome 113)
17:00:17.14 [ INFO ] Exporting webdriver.chrome.driver as C:\Users\andrii.teterka\.cache\selenium\chromedriver\win32\113.0.5672.63\chromedriver.exe
17:00:17.15 [ INFO ] No webdriver is bound to current thread: 40 - let's create a new webdriver
17:00:17.15 [ INFO ] Creating folder: C:\Users\andrii.teterka\IdeaProjects\IDPProjectUI\build\downloads\1685455217150_38212_40
]]></system-out>
  </testcase>
  <testcase name="verifySignOut" classname="tests.Authentication.VerifySignOut" time="8.422">
    <system-out><![CDATA[17:00:17.16 [ INFO ] Exporting webdriver.chrome.driver as C:\Users\andrii.teterka\.cache\selenium\chromedriver\win32\113.0.5672.63\chromedriver.exe
17:00:17.16 [ INFO ] No webdriver is bound to current thread: 43 - let's create a new webdriver
17:00:17.19 [ INFO ] Creating folder: C:\Users\andrii.teterka\IdeaProjects\IDPProjectUI\build\downloads\1685455217164_38212_43
17:00:17.19 [ INFO ] Deleted empty folder: C:\Users\andrii.teterka\IdeaProjects\IDPProjectUI\build\downloads\1685455194399_38212_41
17:00:17.19 [ INFO ] Close webdriver: 41 -> ChromeDriver: chrome on WINDOWS (027f51b886f5fd64e4b7a7fb3785405f)...
17:00:17.20 [ INFO ] Changed readTimeout from PT3M to PT1M30S
17:00:17.21 [ INFO ] Changed readTimeout from PT3M to PT1M30S
17:00:18.13 [ INFO ] Click on Sign Out link
17:00:20.04 [ INFO ] Closed webdriver 41 in 2849 ms
17:00:20.04 [ INFO ] Unregister WebDriverInstance[config=StaticConfig,webDriver=ChromeDriver: chrome on WINDOWS (null),proxy=null,downloadsFolder=C:\Users\andrii.teterka\IdeaProjects\IDPProjectUI\build\downloads\1685455194399_38212_41] in 41 [size=1]
]]></system-out>
    <system-err><![CDATA[Starting ChromeDriver 113.0.5672.63 (0e1a4471d5ae5bf128b1bd8f4d627c8cbd55f70c-refs/branch-heads/5672@{#912}) on port 26311
Only local connections are allowed.
Please see https://chromedriver.chromium.org/security-considerations for suggestions on keeping ChromeDriver safe.
ChromeDriver was started successfully.
Starting ChromeDriver 113.0.5672.63 (0e1a4471d5ae5bf128b1bd8f4d627c8cbd55f70c-refs/branch-heads/5672@{#912}) on port 10025
Only local connections are allowed.
Please see https://chromedriver.chromium.org/security-considerations for suggestions on keeping ChromeDriver safe.
ChromeDriver was started successfully.
]]></system-err>
  </testcase>
</testsuite>