<?xml version="1.0" encoding="UTF-8"?>
<testsuite xmlns:xsi="http://www.w3.org/2001/XMLSchema-instance" xsi:noNamespaceSchemaLocation="https://maven.apache.org/surefire/maven-surefire-plugin/xsd/surefire-test-report-3.0.xsd" version="3.0" name="TestSuite" time="6.257" tests="1" errors="0" skipped="0" failures="0">
  <properties>
[...]
</properties>
  <testcase name="openUrl" classname="tests.TC01_Test" time="4.184">
    <system-out><![CDATA[16:58:09.16 [ INFO ] i.g.bonigarcia.wdm.WebDriverManager - Using chromedriver 112.0.5615.49 (resolved driver for Chrome 112)
16:58:09.20 [ INFO ] i.g.bonigarcia.wdm.WebDriverManager - Exporting webdriver.chrome.driver as C:\Users\andrii.teterka\.cache\selenium\chromedriver\win32\112.0.5615.49\chromedriver.exe
16:58:09.30 [ INFO ] utils.LogUtils - Opening url
16:58:09.38 [ INFO ] c.c.s.i.WebDriverThreadLocalContainer - No webdriver is bound to current thread: 1 - let's create a new webdriver
16:58:09.39 [ INFO ] c.codeborne.selenide.impl.FileHelper - Creating folder: C:\Users\andrii.teterka\IdeaProjects\IDPProjectUI\build\downloads\1681912689393_11892_1
16:58:09.54 [ INFO ] c.c.s.w.SelenideNettyClientFactory - Changed readTimeout from PT3M to PT1M30S
16:58:11.90 [ INFO ] c.c.s.w.SelenideNettyClientFactory - Changed readTimeout from PT3M to PT1M30S
16:58:11.94 [ INFO ] c.c.s.w.SelenideNettyClientFactory - Changed readTimeout from PT3M to PT1M30S
16:58:12.07 [ INFO ] c.c.s.webdriver.WebDriverFactory - BrowserName=chrome Version=112.0.5615.49 Platform=WINDOWS
16:58:12.07 [ INFO ] c.c.s.webdriver.WebDriverFactory - Selenide v. 6.13.0
16:58:12.07 [ INFO ] c.c.s.webdriver.WebDriverFactory - Selenium WebDriver v. 4.8.3 build revision: e5e76298c3
16:58:12.07 [ INFO ] c.c.s.d.CreateDriverCommand - Created webdriver in thread 1: ChromeDriver -> ChromeDriver: chrome on WINDOWS (4e543a270a2ed926451a6e44ed0cb237)
16:58:12.07 [ INFO ] c.c.s.d.DisposablesRegistry - Register WebDriverInstance[config=StaticConfig,webDriver=ChromeDriver: chrome on WINDOWS (4e543a270a2ed926451a6e44ed0cb237),proxy=null,downloadsFolder=C:\Users\andrii.teterka\IdeaProjects\IDPProjectUI\build\downloads\1681912689393_11892_1] in 1 [size=1]
16:58:12.07 [ INFO ] c.c.s.d.DisposablesRegistry - Add shutdown hook in 1 [size=1]
]]></system-out>
    <system-err><![CDATA[Starting ChromeDriver 112.0.5615.49 (bd2a7bcb881c11e8cfe3078709382934e3916914-refs/branch-heads/5615@{#936}) on port 28440
Only local connections are allowed.
Please see https://chromedriver.chromium.org/security-considerations for suggestions on keeping ChromeDriver safe.
ChromeDriver was started successfully.
Apr 19, 2023 4:58:12 PM org.openqa.selenium.devtools.CdpVersionFinder findNearestMatch
WARNING: Unable to find an exact match for CDP version 112, so returning the closest version found: 111
]]></system-err>
  </testcase>
</testsuite>